Performing C++ SOURCE FILE Test NCNN_COMPILER_SUPPORT_X86_AVX_VNNI failed with the following output:
Change Dir: /home/wangshuai/WS/new_kl/kl_ncnn_yolov5/build/CMakeFiles/CMakeTmp

Run Build Command(s):/usr/bin/make -f Makefile cmTC_14a35/fast && /usr/bin/make  -f CMakeFiles/cmTC_14a35.dir/build.make CMakeFiles/cmTC_14a35.dir/build
make[1]: Entering directory '/home/wangshuai/WS/new_kl/kl_ncnn_yolov5/build/CMakeFiles/CMakeTmp'
Building CXX object CMakeFiles/cmTC_14a35.dir/src.cxx.o
/usr/bin/c++ -DNCNN_COMPILER_SUPPORT_X86_AVX_VNNI  -mfma -mf16c -mavx2 -mavxvnni -o CMakeFiles/cmTC_14a35.dir/src.cxx.o -c /home/wangshuai/WS/new_kl/kl_ncnn_yolov5/build/CMakeFiles/CMakeTmp/src.cxx
c++: error: unrecognized command line option ‘-mavxvnni’; did you mean ‘-mavx512vnni’?
make[1]: *** [CMakeFiles/cmTC_14a35.dir/build.make:78: CMakeFiles/cmTC_14a35.dir/src.cxx.o] Error 1
make[1]: Leaving directory '/home/wangshuai/WS/new_kl/kl_ncnn_yolov5/build/CMakeFiles/CMakeTmp'
make: *** [Makefile:127: cmTC_14a35/fast] Error 2


Source file was:
#include <immintrin.h>
int main() { __m256i _s, _a, _b; _s = _mm256_dpwssd_epi32(_s, _a, _b); return 0; }
Performing C++ SOURCE FILE Test NCNN_COMPILER_SUPPORT_X86_AVX512_BF16 failed with the following output:
Change Dir: /home/wangshuai/WS/new_kl/kl_ncnn_yolov5/build/CMakeFiles/CMakeTmp

Run Build Command(s):/usr/bin/make -f Makefile cmTC_99100/fast && /usr/bin/make  -f CMakeFiles/cmTC_99100.dir/build.make CMakeFiles/cmTC_99100.dir/build
make[1]: Entering directory '/home/wangshuai/WS/new_kl/kl_ncnn_yolov5/build/CMakeFiles/CMakeTmp'
Building CXX object CMakeFiles/cmTC_99100.dir/src.cxx.o
/usr/bin/c++ -DNCNN_COMPILER_SUPPORT_X86_AVX512_BF16  -mfma -mf16c -mavx512f -mavx512cd -mavx512bw -mavx512dq -mavx512vl -mavx512bf16 -o CMakeFiles/cmTC_99100.dir/src.cxx.o -c /home/wangshuai/WS/new_kl/kl_ncnn_yolov5/build/CMakeFiles/CMakeTmp/src.cxx
c++: error: unrecognized command line option ‘-mavx512bf16’; did you mean ‘-mavx512bw’?
make[1]: *** [CMakeFiles/cmTC_99100.dir/build.make:78: CMakeFiles/cmTC_99100.dir/src.cxx.o] Error 1
make[1]: Leaving directory '/home/wangshuai/WS/new_kl/kl_ncnn_yolov5/build/CMakeFiles/CMakeTmp'
make: *** [Makefile:127: cmTC_99100/fast] Error 2


Source file was:
#include <immintrin.h>
int main() { __m256bh _s; __m512bh _a, _b; _s = _mm512_cvtneps_pbh(_mm512_dpbf16_ps(_mm512_cvtpbh_ps(_s), _a, _b)); return 0; }
Performing C++ SOURCE FILE Test NCNN_COMPILER_SUPPORT_X86_AVX512_FP16 failed with the following output:
Change Dir: /home/wangshuai/WS/new_kl/kl_ncnn_yolov5/build/CMakeFiles/CMakeTmp

Run Build Command(s):/usr/bin/make -f Makefile cmTC_cc826/fast && /usr/bin/make  -f CMakeFiles/cmTC_cc826.dir/build.make CMakeFiles/cmTC_cc826.dir/build
make[1]: Entering directory '/home/wangshuai/WS/new_kl/kl_ncnn_yolov5/build/CMakeFiles/CMakeTmp'
Building CXX object CMakeFiles/cmTC_cc826.dir/src.cxx.o
/usr/bin/c++ -DNCNN_COMPILER_SUPPORT_X86_AVX512_FP16  -mfma -mf16c -mavx512f -mavx512cd -mavx512bw -mavx512dq -mavx512vl -mavx512fp16 -o CMakeFiles/cmTC_cc826.dir/src.cxx.o -c /home/wangshuai/WS/new_kl/kl_ncnn_yolov5/build/CMakeFiles/CMakeTmp/src.cxx
c++: error: unrecognized command line option ‘-mavx512fp16’; did you mean ‘-mavx512f’?
make[1]: *** [CMakeFiles/cmTC_cc826.dir/build.make:78: CMakeFiles/cmTC_cc826.dir/src.cxx.o] Error 1
make[1]: Leaving directory '/home/wangshuai/WS/new_kl/kl_ncnn_yolov5/build/CMakeFiles/CMakeTmp'
make: *** [Makefile:127: cmTC_cc826/fast] Error 2


Source file was:
#include <immintrin.h>
int main() { __m512h _s, _a, _b; _s = _mm512_fmadd_ph(_s, _a, _b); __m512 _s2; _s2 = _mm512_cvtxph_ps(_mm512_cvtxps_ph(_s2)); return 0; }
Performing C SOURCE FILE Test CMAKE_HAVE_LIBC_PTHREAD failed with the following output:
Change Dir: /home/wangshuai/WS/new_kl/kl_ncnn_yolov5/build/CMakeFiles/CMakeTmp

Run Build Command(s):/usr/bin/make -f Makefile cmTC_c46c1/fast && /usr/bin/make  -f CMakeFiles/cmTC_c46c1.dir/build.make CMakeFiles/cmTC_c46c1.dir/build
make[1]: Entering directory '/home/wangshuai/WS/new_kl/kl_ncnn_yolov5/build/CMakeFiles/CMakeTmp'
Building C object CMakeFiles/cmTC_c46c1.dir/src.c.o
/usr/bin/cc -DCMAKE_HAVE_LIBC_PTHREAD   -o CMakeFiles/cmTC_c46c1.dir/src.c.o -c /home/wangshuai/WS/new_kl/kl_ncnn_yolov5/build/CMakeFiles/CMakeTmp/src.c
Linking C executable cmTC_c46c1
/usr/bin/cmake -E cmake_link_script CMakeFiles/cmTC_c46c1.dir/link.txt --verbose=1
/usr/bin/cc -rdynamic CMakeFiles/cmTC_c46c1.dir/src.c.o -o cmTC_c46c1 
/usr/bin/ld: CMakeFiles/cmTC_c46c1.dir/src.c.o: in function `main':
src.c:(.text+0x46): undefined reference to `pthread_create'
/usr/bin/ld: src.c:(.text+0x52): undefined reference to `pthread_detach'
/usr/bin/ld: src.c:(.text+0x5e): undefined reference to `pthread_cancel'
/usr/bin/ld: src.c:(.text+0x6f): undefined reference to `pthread_join'
collect2: error: ld returned 1 exit status
make[1]: *** [CMakeFiles/cmTC_c46c1.dir/build.make:99: cmTC_c46c1] Error 1
make[1]: Leaving directory '/home/wangshuai/WS/new_kl/kl_ncnn_yolov5/build/CMakeFiles/CMakeTmp'
make: *** [Makefile:127: cmTC_c46c1/fast] Error 2


Source file was:
#include <pthread.h>

static void* test_func(void* data)
{
  return data;
}

int main(void)
{
  pthread_t thread;
  pthread_create(&thread, NULL, test_func, NULL);
  pthread_detach(thread);
  pthread_cancel(thread);
  pthread_join(thread, NULL);
  pthread_atfork(NULL, NULL, NULL);
  pthread_exit(NULL);

  return 0;
}

